app/build/intermediates/manifest_merge_blame_file/debug/manifest-merger-blame-debug-report.txt
1<?xml version="1.0" encoding="utf-8"?>
2<manifest xmlns:android="http://schemas.android.com/apk/res/android"
3    package="com.shivaraj2.meditationui"
4    android:versionCode="1"
5    android:versionName="1.0" >
6
7    <uses-sdk
8        android:minSdkVersion="21"
8-->src/main/AndroidManifest.xml
9        android:targetSdkVersion="30" />
9-->src/main/AndroidManifest.xml
10
11    <application
11-->src/main/AndroidManifest.xml:5:5-23:19
12        android:allowBackup="true"
12-->src/main/AndroidManifest.xml:6:9-35
13        android:appComponentFactory="androidx.core.app.CoreComponentFactory"
13-->[androidx.core:core:1.5.0] AndroidManifest.xml:24:18-86
14        android:debuggable="true"
15        android:icon="@mipmap/ic_launcher"
15-->src/main/AndroidManifest.xml:7:9-43
16        android:label="@string/app_name"
16-->src/main/AndroidManifest.xml:8:9-41
17        android:roundIcon="@mipmap/ic_launcher_round"
17-->src/main/AndroidManifest.xml:9:9-54
18        android:supportsRtl="true"
18-->src/main/AndroidManifest.xml:10:9-35
19        android:testOnly="true"
20        android:theme="@style/Theme.MeditationUIYouTube" >
20-->src/main/AndroidManifest.xml:11:9-57
21        <activity
21-->src/main/AndroidManifest.xml:12:9-22:20
22            android:name="com.shivaraj2.meditationui.MainActivity"
22-->src/main/AndroidManifest.xml:13:13-67
23            android:exported="true"
23-->src/main/AndroidManifest.xml:14:13-36
24            android:label="@string/app_name"
24-->src/main/AndroidManifest.xml:15:13-45
25            android:theme="@style/Theme.MeditationUIYouTube.NoActionBar" >
25-->src/main/AndroidManifest.xml:16:13-73
26            <intent-filter>
26-->src/main/AndroidManifest.xml:17:13-21:29
27                <action android:name="android.intent.action.MAIN" />
27-->src/main/AndroidManifest.xml:18:17-69
27-->src/main/AndroidManifest.xml:18:25-66
28
29                <category android:name="android.intent.category.LAUNCHER" />
29-->src/main/AndroidManifest.xml:20:17-77
29-->src/main/AndroidManifest.xml:20:27-74
30            </intent-filter>
31        </activity>
32        <activity
32-->[androidx.compose.ui:ui-tooling:1.0.0-beta08] AndroidManifest.xml:25:9-27:39
33            android:name="androidx.compose.ui.tooling.preview.PreviewActivity"
33-->[androidx.compose.ui:ui-tooling:1.0.0-beta08] AndroidManifest.xml:26:13-79
34            android:exported="true" />
34-->[androidx.compose.ui:ui-tooling:1.0.0-beta08] AndroidManifest.xml:27:13-36
35    </application>
36
37</manifest>